[0.479s] Invoking command in '/home/fida/marstask_ros2_ws/build/four_wheel_robot': PYTHONPATH=/home/fida/marstask_ros2_ws/build/four_wheel_robot/prefix_override:/usr/lib/python3/dist-packages/colcon_core/task/python/colcon_distutils_commands:/home/fida/marstask_ros2_ws/install/four_wheel_robot/lib/python3.10/site-packages:${PYTHONPATH} /usr/bin/python3 -W ignore:setup.py install is deprecated -W ignore:easy_install command is deprecated setup.py develop --uninstall --editable --build-directory /home/fida/marstask_ros2_ws/build/four_wheel_robot/build
[0.617s] running develop
[0.676s] Removing /home/fida/marstask_ros2_ws/install/four_wheel_robot/lib/python3.10/site-packages/four-wheel-robot.egg-link (link to .)
[0.695s] Invoked command in '/home/fida/marstask_ros2_ws/build/four_wheel_robot' returned '0': PYTHONPATH=/home/fida/marstask_ros2_ws/build/four_wheel_robot/prefix_override:/usr/lib/python3/dist-packages/colcon_core/task/python/colcon_distutils_commands:/home/fida/marstask_ros2_ws/install/four_wheel_robot/lib/python3.10/site-packages:${PYTHONPATH} /usr/bin/python3 -W ignore:setup.py install is deprecated -W ignore:easy_install command is deprecated setup.py develop --uninstall --editable --build-directory /home/fida/marstask_ros2_ws/build/four_wheel_robot/build
[0.697s] Invoking command in '/home/fida/marstask_ros2_ws/src/four_wheel_robot': PYTHONPATH=/home/fida/marstask_ros2_ws/build/four_wheel_robot/prefix_override:/usr/lib/python3/dist-packages/colcon_core/task/python/colcon_distutils_commands:/home/fida/marstask_ros2_ws/install/four_wheel_robot/lib/python3.10/site-packages:${PYTHONPATH} /usr/bin/python3 -W ignore:setup.py install is deprecated -W ignore:easy_install command is deprecated setup.py egg_info --egg-base ../../build/four_wheel_robot build --build-base /home/fida/marstask_ros2_ws/build/four_wheel_robot/build install --record /home/fida/marstask_ros2_ws/build/four_wheel_robot/install.log --single-version-externally-managed install_data --force
[0.821s] running egg_info
[0.821s] writing ../../build/four_wheel_robot/four_wheel_robot.egg-info/PKG-INFO
[0.821s] writing dependency_links to ../../build/four_wheel_robot/four_wheel_robot.egg-info/dependency_links.txt
[0.821s] writing entry points to ../../build/four_wheel_robot/four_wheel_robot.egg-info/entry_points.txt
[0.821s] writing requirements to ../../build/four_wheel_robot/four_wheel_robot.egg-info/requires.txt
[0.821s] writing top-level names to ../../build/four_wheel_robot/four_wheel_robot.egg-info/top_level.txt
[0.822s] reading manifest file '../../build/four_wheel_robot/four_wheel_robot.egg-info/SOURCES.txt'
[0.822s] adding license file 'LICENSE'
[0.823s] writing manifest file '../../build/four_wheel_robot/four_wheel_robot.egg-info/SOURCES.txt'
[0.823s] running build
[0.823s] running build_py
[0.823s] running install
[0.823s] running install_lib
[0.824s] creating /home/fida/marstask_ros2_ws/install/four_wheel_robot/lib/python3.10/site-packages/four_wheel_robot
[0.824s] copying /home/fida/marstask_ros2_ws/build/four_wheel_robot/build/lib/four_wheel_robot/__init__.py -> /home/fida/marstask_ros2_ws/install/four_wheel_robot/lib/python3.10/site-packages/four_wheel_robot
[0.824s] byte-compiling /home/fida/marstask_ros2_ws/install/four_wheel_robot/lib/python3.10/site-packages/four_wheel_robot/__init__.py to __init__.cpython-310.pyc
[0.824s] running install_data
[0.824s] copying resource/four_wheel_robot -> /home/fida/marstask_ros2_ws/install/four_wheel_robot/share/ament_index/resource_index/packages
[0.824s] copying package.xml -> /home/fida/marstask_ros2_ws/install/four_wheel_robot/share/four_wheel_robot
[0.824s] copying launch/simulate.launch.py -> /home/fida/marstask_ros2_ws/install/four_wheel_robot/share/four_wheel_robot/launch
[0.824s] copying urdf/four_wheel_robot.urdf.xacro -> /home/fida/marstask_ros2_ws/install/four_wheel_robot/share/four_wheel_robot/urdf
[0.824s] running install_egg_info
[0.826s] Copying ../../build/four_wheel_robot/four_wheel_robot.egg-info to /home/fida/marstask_ros2_ws/install/four_wheel_robot/lib/python3.10/site-packages/four_wheel_robot-0.0.0-py3.10.egg-info
[0.826s] running install_scripts
[0.840s] writing list of installed files to '/home/fida/marstask_ros2_ws/build/four_wheel_robot/install.log'
[0.860s] Invoked command in '/home/fida/marstask_ros2_ws/src/four_wheel_robot' returned '0': PYTHONPATH=/home/fida/marstask_ros2_ws/build/four_wheel_robot/prefix_override:/usr/lib/python3/dist-packages/colcon_core/task/python/colcon_distutils_commands:/home/fida/marstask_ros2_ws/install/four_wheel_robot/lib/python3.10/site-packages:${PYTHONPATH} /usr/bin/python3 -W ignore:setup.py install is deprecated -W ignore:easy_install command is deprecated setup.py egg_info --egg-base ../../build/four_wheel_robot build --build-base /home/fida/marstask_ros2_ws/build/four_wheel_robot/build install --record /home/fida/marstask_ros2_ws/build/four_wheel_robot/install.log --single-version-externally-managed install_data --force
