running develop
Removing /home/fida/marstask_ros2_ws/install/week1/lib/python3.10/site-packages/week1.egg-link (link to .)
running egg_info
writing ../../build/week1/week1.egg-info/PKG-INFO
writing dependency_links to ../../build/week1/week1.egg-info/dependency_links.txt
writing entry points to ../../build/week1/week1.egg-info/entry_points.txt
writing requirements to ../../build/week1/week1.egg-info/requires.txt
writing top-level names to ../../build/week1/week1.egg-info/top_level.txt
reading manifest file '../../build/week1/week1.egg-info/SOURCES.txt'
adding license file 'LICENSE'
writing manifest file '../../build/week1/week1.egg-info/SOURCES.txt'
running build
running build_py
running install
running install_lib
creating /home/fida/marstask_ros2_ws/install/week1/lib/python3.10/site-packages/week1
copying /home/fida/marstask_ros2_ws/build/week1/build/lib/week1/publisher_node.py -> /home/fida/marstask_ros2_ws/install/week1/lib/python3.10/site-packages/week1
copying /home/fida/marstask_ros2_ws/build/week1/build/lib/week1/subscriber_node.py -> /home/fida/marstask_ros2_ws/install/week1/lib/python3.10/site-packages/week1
copying /home/fida/marstask_ros2_ws/build/week1/build/lib/week1/__init__.py -> /home/fida/marstask_ros2_ws/install/week1/lib/python3.10/site-packages/week1
byte-compiling /home/fida/marstask_ros2_ws/install/week1/lib/python3.10/site-packages/week1/publisher_node.py to publisher_node.cpython-310.pyc
byte-compiling /home/fida/marstask_ros2_ws/install/week1/lib/python3.10/site-packages/week1/subscriber_node.py to subscriber_node.cpython-310.pyc
byte-compiling /home/fida/marstask_ros2_ws/install/week1/lib/python3.10/site-packages/week1/__init__.py to __init__.cpython-310.pyc
running install_data
copying resource/week1 -> /home/fida/marstask_ros2_ws/install/week1/share/ament_index/resource_index/packages
copying package.xml -> /home/fida/marstask_ros2_ws/install/week1/share/week1
copying launch/launch_file.py -> /home/fida/marstask_ros2_ws/install/week1/share/week1/launch
running install_egg_info
Copying ../../build/week1/week1.egg-info to /home/fida/marstask_ros2_ws/install/week1/lib/python3.10/site-packages/week1-0.0.0-py3.10.egg-info
running install_scripts
Installing publisher_node script to /home/fida/marstask_ros2_ws/install/week1/lib/week1
Installing subscriber_node script to /home/fida/marstask_ros2_ws/install/week1/lib/week1
writing list of installed files to '/home/fida/marstask_ros2_ws/build/week1/install.log'
