[0.483s] Invoking command in '/home/fida/marstask_ros2_ws/build/week1': PYTHONPATH=/home/fida/marstask_ros2_ws/build/week1/prefix_override:/usr/lib/python3/dist-packages/colcon_core/task/python/colcon_distutils_commands:/home/fida/marstask_ros2_ws/install/week1/lib/python3.10/site-packages:${PYTHONPATH} /usr/bin/python3 -W ignore:setup.py install is deprecated -W ignore:easy_install command is deprecated setup.py develop --uninstall --editable --build-directory /home/fida/marstask_ros2_ws/build/week1/build
[0.619s] running develop
[0.679s] Removing /home/fida/marstask_ros2_ws/install/week1/lib/python3.10/site-packages/week1.egg-link (link to .)
[0.700s] Invoked command in '/home/fida/marstask_ros2_ws/build/week1' returned '0': PYTHONPATH=/home/fida/marstask_ros2_ws/build/week1/prefix_override:/usr/lib/python3/dist-packages/colcon_core/task/python/colcon_distutils_commands:/home/fida/marstask_ros2_ws/install/week1/lib/python3.10/site-packages:${PYTHONPATH} /usr/bin/python3 -W ignore:setup.py install is deprecated -W ignore:easy_install command is deprecated setup.py develop --uninstall --editable --build-directory /home/fida/marstask_ros2_ws/build/week1/build
[0.701s] Invoking command in '/home/fida/marstask_ros2_ws/src/week1': PYTHONPATH=/home/fida/marstask_ros2_ws/build/week1/prefix_override:/usr/lib/python3/dist-packages/colcon_core/task/python/colcon_distutils_commands:/home/fida/marstask_ros2_ws/install/week1/lib/python3.10/site-packages:${PYTHONPATH} /usr/bin/python3 -W ignore:setup.py install is deprecated -W ignore:easy_install command is deprecated setup.py egg_info --egg-base ../../build/week1 build --build-base /home/fida/marstask_ros2_ws/build/week1/build install --record /home/fida/marstask_ros2_ws/build/week1/install.log --single-version-externally-managed install_data --force
[0.823s] running egg_info
[0.824s] writing ../../build/week1/week1.egg-info/PKG-INFO
[0.824s] writing dependency_links to ../../build/week1/week1.egg-info/dependency_links.txt
[0.824s] writing entry points to ../../build/week1/week1.egg-info/entry_points.txt
[0.824s] writing requirements to ../../build/week1/week1.egg-info/requires.txt
[0.824s] writing top-level names to ../../build/week1/week1.egg-info/top_level.txt
[0.825s] reading manifest file '../../build/week1/week1.egg-info/SOURCES.txt'
[0.825s] adding license file 'LICENSE'
[0.825s] writing manifest file '../../build/week1/week1.egg-info/SOURCES.txt'
[0.826s] running build
[0.826s] running build_py
[0.826s] running install
[0.826s] running install_lib
[0.826s] creating /home/fida/marstask_ros2_ws/install/week1/lib/python3.10/site-packages/week1
[0.827s] copying /home/fida/marstask_ros2_ws/build/week1/build/lib/week1/publisher_node.py -> /home/fida/marstask_ros2_ws/install/week1/lib/python3.10/site-packages/week1
[0.827s] copying /home/fida/marstask_ros2_ws/build/week1/build/lib/week1/subscriber_node.py -> /home/fida/marstask_ros2_ws/install/week1/lib/python3.10/site-packages/week1
[0.827s] copying /home/fida/marstask_ros2_ws/build/week1/build/lib/week1/__init__.py -> /home/fida/marstask_ros2_ws/install/week1/lib/python3.10/site-packages/week1
[0.827s] byte-compiling /home/fida/marstask_ros2_ws/install/week1/lib/python3.10/site-packages/week1/publisher_node.py to publisher_node.cpython-310.pyc
[0.828s] byte-compiling /home/fida/marstask_ros2_ws/install/week1/lib/python3.10/site-packages/week1/subscriber_node.py to subscriber_node.cpython-310.pyc
[0.828s] byte-compiling /home/fida/marstask_ros2_ws/install/week1/lib/python3.10/site-packages/week1/__init__.py to __init__.cpython-310.pyc
[0.828s] running install_data
[0.828s] copying resource/week1 -> /home/fida/marstask_ros2_ws/install/week1/share/ament_index/resource_index/packages
[0.828s] copying package.xml -> /home/fida/marstask_ros2_ws/install/week1/share/week1
[0.828s] copying launch/launch_file.py -> /home/fida/marstask_ros2_ws/install/week1/share/week1/launch
[0.829s] running install_egg_info
[0.830s] Copying ../../build/week1/week1.egg-info to /home/fida/marstask_ros2_ws/install/week1/lib/python3.10/site-packages/week1-0.0.0-py3.10.egg-info
[0.830s] running install_scripts
[0.844s] Installing publisher_node script to /home/fida/marstask_ros2_ws/install/week1/lib/week1
[0.845s] Installing subscriber_node script to /home/fida/marstask_ros2_ws/install/week1/lib/week1
[0.845s] writing list of installed files to '/home/fida/marstask_ros2_ws/build/week1/install.log'
[0.865s] Invoked command in '/home/fida/marstask_ros2_ws/src/week1' returned '0': PYTHONPATH=/home/fida/marstask_ros2_ws/build/week1/prefix_override:/usr/lib/python3/dist-packages/colcon_core/task/python/colcon_distutils_commands:/home/fida/marstask_ros2_ws/install/week1/lib/python3.10/site-packages:${PYTHONPATH} /usr/bin/python3 -W ignore:setup.py install is deprecated -W ignore:easy_install command is deprecated setup.py egg_info --egg-base ../../build/week1 build --build-base /home/fida/marstask_ros2_ws/build/week1/build install --record /home/fida/marstask_ros2_ws/build/week1/install.log --single-version-externally-managed install_data --force
