[0.485s] Invoking command in '/home/fida/marstask_ros2_ws/build/week1': PYTHONPATH=/home/fida/marstask_ros2_ws/build/week1/prefix_override:/usr/lib/python3/dist-packages/colcon_core/task/python/colcon_distutils_commands:/home/fida/marstask_ros2_ws/install/week1/lib/python3.10/site-packages:${PYTHONPATH} /usr/bin/python3 -W ignore:setup.py install is deprecated -W ignore:easy_install command is deprecated setup.py develop --editable --build-directory /home/fida/marstask_ros2_ws/build/week1/build --no-deps symlink_data --force
[0.625s] running develop
[0.683s] running egg_info
[0.683s] writing week1.egg-info/PKG-INFO
[0.683s] writing dependency_links to week1.egg-info/dependency_links.txt
[0.683s] writing entry points to week1.egg-info/entry_points.txt
[0.683s] writing requirements to week1.egg-info/requires.txt
[0.683s] writing top-level names to week1.egg-info/top_level.txt
[0.684s] reading manifest file 'week1.egg-info/SOURCES.txt'
[0.684s] writing manifest file 'week1.egg-info/SOURCES.txt'
[0.685s] running build_ext
[0.685s] Creating /home/fida/marstask_ros2_ws/install/week1/lib/python3.10/site-packages/week1.egg-link (link to .)
[0.686s] Installing publisher_node script to /home/fida/marstask_ros2_ws/install/week1/lib/week1
[0.687s] Installing subscriber_node script to /home/fida/marstask_ros2_ws/install/week1/lib/week1
[0.687s] 
[0.687s] Installed /home/fida/marstask_ros2_ws/build/week1
[0.687s] running symlink_data
[0.687s] symbolically linking /home/fida/marstask_ros2_ws/build/week1/resource/week1 -> /home/fida/marstask_ros2_ws/install/week1/share/ament_index/resource_index/packages
[0.687s] symbolically linking /home/fida/marstask_ros2_ws/build/week1/package.xml -> /home/fida/marstask_ros2_ws/install/week1/share/week1
[0.687s] symbolically linking /home/fida/marstask_ros2_ws/build/week1/launch/launch_file.py -> /home/fida/marstask_ros2_ws/install/week1/share/week1/launch
[0.708s] Invoked command in '/home/fida/marstask_ros2_ws/build/week1' returned '0': PYTHONPATH=/home/fida/marstask_ros2_ws/build/week1/prefix_override:/usr/lib/python3/dist-packages/colcon_core/task/python/colcon_distutils_commands:/home/fida/marstask_ros2_ws/install/week1/lib/python3.10/site-packages:${PYTHONPATH} /usr/bin/python3 -W ignore:setup.py install is deprecated -W ignore:easy_install command is deprecated setup.py develop --editable --build-directory /home/fida/marstask_ros2_ws/build/week1/build --no-deps symlink_data --force
