[0.493s] Invoking command in '/home/fida/marstask_ros2_ws/build/four_wheel_robot': PYTHONPATH=/home/fida/marstask_ros2_ws/build/four_wheel_robot/prefix_override:/usr/lib/python3/dist-packages/colcon_core/task/python/colcon_distutils_commands:/home/fida/marstask_ros2_ws/install/four_wheel_robot/lib/python3.10/site-packages:${PYTHONPATH} /usr/bin/python3 -W ignore:setup.py install is deprecated -W ignore:easy_install command is deprecated setup.py develop --editable --build-directory /home/fida/marstask_ros2_ws/build/four_wheel_robot/build --no-deps symlink_data --force
[0.629s] running develop
[0.687s] running egg_info
[0.687s] writing four_wheel_robot.egg-info/PKG-INFO
[0.688s] writing dependency_links to four_wheel_robot.egg-info/dependency_links.txt
[0.688s] writing entry points to four_wheel_robot.egg-info/entry_points.txt
[0.688s] writing requirements to four_wheel_robot.egg-info/requires.txt
[0.688s] writing top-level names to four_wheel_robot.egg-info/top_level.txt
[0.688s] reading manifest file 'four_wheel_robot.egg-info/SOURCES.txt'
[0.689s] writing manifest file 'four_wheel_robot.egg-info/SOURCES.txt'
[0.690s] running build_ext
[0.690s] Creating /home/fida/marstask_ros2_ws/install/four_wheel_robot/lib/python3.10/site-packages/four-wheel-robot.egg-link (link to .)
[0.690s] 
[0.691s] Installed /home/fida/marstask_ros2_ws/build/four_wheel_robot
[0.691s] running symlink_data
[0.691s] symbolically linking /home/fida/marstask_ros2_ws/build/four_wheel_robot/resource/four_wheel_robot -> /home/fida/marstask_ros2_ws/install/four_wheel_robot/share/ament_index/resource_index/packages
[0.691s] symbolically linking /home/fida/marstask_ros2_ws/build/four_wheel_robot/package.xml -> /home/fida/marstask_ros2_ws/install/four_wheel_robot/share/four_wheel_robot
[0.691s] symbolically linking /home/fida/marstask_ros2_ws/build/four_wheel_robot/launch/simulate.launch.py -> /home/fida/marstask_ros2_ws/install/four_wheel_robot/share/four_wheel_robot/launch
[0.691s] symbolically linking /home/fida/marstask_ros2_ws/build/four_wheel_robot/urdf/four_wheel_robot.urdf.xacro -> /home/fida/marstask_ros2_ws/install/four_wheel_robot/share/four_wheel_robot/urdf
[0.725s] Invoked command in '/home/fida/marstask_ros2_ws/build/four_wheel_robot' returned '0': PYTHONPATH=/home/fida/marstask_ros2_ws/build/four_wheel_robot/prefix_override:/usr/lib/python3/dist-packages/colcon_core/task/python/colcon_distutils_commands:/home/fida/marstask_ros2_ws/install/four_wheel_robot/lib/python3.10/site-packages:${PYTHONPATH} /usr/bin/python3 -W ignore:setup.py install is deprecated -W ignore:easy_install command is deprecated setup.py develop --editable --build-directory /home/fida/marstask_ros2_ws/build/four_wheel_robot/build --no-deps symlink_data --force
