/home/fida/marstask_ros2_ws/install/four_wheel_robot/lib/python3.10/site-packages/four_wheel_robot/obstacle_stop_node.py
/home/fida/marstask_ros2_ws/install/four_wheel_robot/lib/python3.10/site-packages/four_wheel_robot/__init__.py
/home/fida/marstask_ros2_ws/install/four_wheel_robot/lib/python3.10/site-packages/four_wheel_robot/__pycache__/obstacle_stop_node.cpython-310.pyc
/home/fida/marstask_ros2_ws/install/four_wheel_robot/lib/python3.10/site-packages/four_wheel_robot/__pycache__/__init__.cpython-310.pyc
/home/fida/marstask_ros2_ws/install/four_wheel_robot/share/ament_index/resource_index/packages/four_wheel_robot
/home/fida/marstask_ros2_ws/install/four_wheel_robot/share/four_wheel_robot/package.xml
/home/fida/marstask_ros2_ws/install/four_wheel_robot/share/four_wheel_robot/launch/simulate.launch.py
/home/fida/marstask_ros2_ws/install/four_wheel_robot/share/four_wheel_robot/urdf/four_wheel_robot.urdf.xacro
/home/fida/marstask_ros2_ws/install/four_wheel_robot/share/four_wheel_robot/worlds/final_wall.world
/home/fida/marstask_ros2_ws/install/four_wheel_robot/share/four_wheel_robot/worlds/simple_wall.world
/home/fida/marstask_ros2_ws/install/four_wheel_robot/share/four_wheel_robot/worlds/empty.world
/home/fida/marstask_ros2_ws/install/four_wheel_robot/share/four_wheel_robot/worlds/wall.world
/home/fida/marstask_ros2_ws/install/four_wheel_robot/share/four_wheel_robot/worlds/box.world
/home/fida/marstask_ros2_ws/install/four_wheel_robot/lib/python3.10/site-packages/four_wheel_robot-0.0.0-py3.10.egg-info/SOURCES.txt
/home/fida/marstask_ros2_ws/install/four_wheel_robot/lib/python3.10/site-packages/four_wheel_robot-0.0.0-py3.10.egg-info/entry_points.txt
/home/fida/marstask_ros2_ws/install/four_wheel_robot/lib/python3.10/site-packages/four_wheel_robot-0.0.0-py3.10.egg-info/requires.txt
/home/fida/marstask_ros2_ws/install/four_wheel_robot/lib/python3.10/site-packages/four_wheel_robot-0.0.0-py3.10.egg-info/top_level.txt
/home/fida/marstask_ros2_ws/install/four_wheel_robot/lib/python3.10/site-packages/four_wheel_robot-0.0.0-py3.10.egg-info/zip-safe
/home/fida/marstask_ros2_ws/install/four_wheel_robot/lib/python3.10/site-packages/four_wheel_robot-0.0.0-py3.10.egg-info/dependency_links.txt
/home/fida/marstask_ros2_ws/install/four_wheel_robot/lib/python3.10/site-packages/four_wheel_robot-0.0.0-py3.10.egg-info/PKG-INFO
/home/fida/marstask_ros2_ws/install/four_wheel_robot/lib/four_wheel_robot/obstacle_stop
