running egg_info
writing ../../build/four_wheel_robot/four_wheel_robot.egg-info/PKG-INFO
writing dependency_links to ../../build/four_wheel_robot/four_wheel_robot.egg-info/dependency_links.txt
writing entry points to ../../build/four_wheel_robot/four_wheel_robot.egg-info/entry_points.txt
writing requirements to ../../build/four_wheel_robot/four_wheel_robot.egg-info/requires.txt
writing top-level names to ../../build/four_wheel_robot/four_wheel_robot.egg-info/top_level.txt
reading manifest file '../../build/four_wheel_robot/four_wheel_robot.egg-info/SOURCES.txt'
adding license file 'LICENSE'
writing manifest file '../../build/four_wheel_robot/four_wheel_robot.egg-info/SOURCES.txt'
running build
running build_py
copying four_wheel_robot/obstacle_stop_node.py -> /home/fida/marstask_ros2_ws/build/four_wheel_robot/build/lib/four_wheel_robot
running install
running install_lib
copying /home/fida/marstask_ros2_ws/build/four_wheel_robot/build/lib/four_wheel_robot/obstacle_stop_node.py -> /home/fida/marstask_ros2_ws/install/four_wheel_robot/lib/python3.10/site-packages/four_wheel_robot
byte-compiling /home/fida/marstask_ros2_ws/install/four_wheel_robot/lib/python3.10/site-packages/four_wheel_robot/obstacle_stop_node.py to obstacle_stop_node.cpython-310.pyc
running install_data
copying urdf/four_wheel_robot.urdf.xacro -> /home/fida/marstask_ros2_ws/install/four_wheel_robot/share/four_wheel_robot/urdf
running install_egg_info
removing '/home/fida/marstask_ros2_ws/install/four_wheel_robot/lib/python3.10/site-packages/four_wheel_robot-0.0.0-py3.10.egg-info' (and everything under it)
Copying ../../build/four_wheel_robot/four_wheel_robot.egg-info to /home/fida/marstask_ros2_ws/install/four_wheel_robot/lib/python3.10/site-packages/four_wheel_robot-0.0.0-py3.10.egg-info
running install_scripts
Installing obstacle_stop script to /home/fida/marstask_ros2_ws/install/four_wheel_robot/lib/four_wheel_robot
writing list of installed files to '/home/fida/marstask_ros2_ws/build/four_wheel_robot/install.log'
