[0.575s] Invoking command in '/home/fida/marstask_ros2_ws/src/four_wheel_robot': PYTHONPATH=/home/fida/marstask_ros2_ws/build/four_wheel_robot/prefix_override:/usr/lib/python3/dist-packages/colcon_core/task/python/colcon_distutils_commands:/home/fida/marstask_ros2_ws/install/four_wheel_robot/lib/python3.10/site-packages:${PYTHONPATH} /usr/bin/python3 -W ignore:setup.py install is deprecated -W ignore:easy_install command is deprecated setup.py egg_info --egg-base ../../build/four_wheel_robot build --build-base /home/fida/marstask_ros2_ws/build/four_wheel_robot/build install --record /home/fida/marstask_ros2_ws/build/four_wheel_robot/install.log --single-version-externally-managed install_data
[0.721s] running egg_info
[0.722s] writing ../../build/four_wheel_robot/four_wheel_robot.egg-info/PKG-INFO
[0.722s] writing dependency_links to ../../build/four_wheel_robot/four_wheel_robot.egg-info/dependency_links.txt
[0.722s] writing entry points to ../../build/four_wheel_robot/four_wheel_robot.egg-info/entry_points.txt
[0.722s] writing requirements to ../../build/four_wheel_robot/four_wheel_robot.egg-info/requires.txt
[0.722s] writing top-level names to ../../build/four_wheel_robot/four_wheel_robot.egg-info/top_level.txt
[0.723s] reading manifest file '../../build/four_wheel_robot/four_wheel_robot.egg-info/SOURCES.txt'
[0.723s] adding license file 'LICENSE'
[0.724s] writing manifest file '../../build/four_wheel_robot/four_wheel_robot.egg-info/SOURCES.txt'
[0.724s] running build
[0.724s] running build_py
[0.724s] running install
[0.724s] running install_lib
[0.725s] running install_data
[0.725s] copying launch/simulate.launch.py -> /home/fida/marstask_ros2_ws/install/four_wheel_robot/share/four_wheel_robot/launch
[0.725s] running install_egg_info
[0.727s] removing '/home/fida/marstask_ros2_ws/install/four_wheel_robot/lib/python3.10/site-packages/four_wheel_robot-0.0.0-py3.10.egg-info' (and everything under it)
[0.727s] Copying ../../build/four_wheel_robot/four_wheel_robot.egg-info to /home/fida/marstask_ros2_ws/install/four_wheel_robot/lib/python3.10/site-packages/four_wheel_robot-0.0.0-py3.10.egg-info
[0.727s] running install_scripts
[0.742s] writing list of installed files to '/home/fida/marstask_ros2_ws/build/four_wheel_robot/install.log'
[0.764s] Invoked command in '/home/fida/marstask_ros2_ws/src/four_wheel_robot' returned '0': PYTHONPATH=/home/fida/marstask_ros2_ws/build/four_wheel_robot/prefix_override:/usr/lib/python3/dist-packages/colcon_core/task/python/colcon_distutils_commands:/home/fida/marstask_ros2_ws/install/four_wheel_robot/lib/python3.10/site-packages:${PYTHONPATH} /usr/bin/python3 -W ignore:setup.py install is deprecated -W ignore:easy_install command is deprecated setup.py egg_info --egg-base ../../build/four_wheel_robot build --build-base /home/fida/marstask_ros2_ws/build/four_wheel_robot/build install --record /home/fida/marstask_ros2_ws/build/four_wheel_robot/install.log --single-version-externally-managed install_data
