running egg_info
creating ../../build/four_wheel_robot/four_wheel_robot.egg-info
writing ../../build/four_wheel_robot/four_wheel_robot.egg-info/PKG-INFO
writing dependency_links to ../../build/four_wheel_robot/four_wheel_robot.egg-info/dependency_links.txt
writing entry points to ../../build/four_wheel_robot/four_wheel_robot.egg-info/entry_points.txt
writing requirements to ../../build/four_wheel_robot/four_wheel_robot.egg-info/requires.txt
writing top-level names to ../../build/four_wheel_robot/four_wheel_robot.egg-info/top_level.txt
writing manifest file '../../build/four_wheel_robot/four_wheel_robot.egg-info/SOURCES.txt'
reading manifest file '../../build/four_wheel_robot/four_wheel_robot.egg-info/SOURCES.txt'
adding license file 'LICENSE'
writing manifest file '../../build/four_wheel_robot/four_wheel_robot.egg-info/SOURCES.txt'
running build
running build_py
creating /home/fida/marstask_ros2_ws/build/four_wheel_robot/build
creating /home/fida/marstask_ros2_ws/build/four_wheel_robot/build/lib
creating /home/fida/marstask_ros2_ws/build/four_wheel_robot/build/lib/four_wheel_robot
copying four_wheel_robot/__init__.py -> /home/fida/marstask_ros2_ws/build/four_wheel_robot/build/lib/four_wheel_robot
running install
running install_lib
creating /home/fida/marstask_ros2_ws/install/four_wheel_robot/lib/python3.10/site-packages/four_wheel_robot
copying /home/fida/marstask_ros2_ws/build/four_wheel_robot/build/lib/four_wheel_robot/__init__.py -> /home/fida/marstask_ros2_ws/install/four_wheel_robot/lib/python3.10/site-packages/four_wheel_robot
byte-compiling /home/fida/marstask_ros2_ws/install/four_wheel_robot/lib/python3.10/site-packages/four_wheel_robot/__init__.py to __init__.cpython-310.pyc
running install_data
creating /home/fida/marstask_ros2_ws/install/four_wheel_robot/share/ament_index
creating /home/fida/marstask_ros2_ws/install/four_wheel_robot/share/ament_index/resource_index
creating /home/fida/marstask_ros2_ws/install/four_wheel_robot/share/ament_index/resource_index/packages
copying resource/four_wheel_robot -> /home/fida/marstask_ros2_ws/install/four_wheel_robot/share/ament_index/resource_index/packages
copying package.xml -> /home/fida/marstask_ros2_ws/install/four_wheel_robot/share/four_wheel_robot
running install_egg_info
Copying ../../build/four_wheel_robot/four_wheel_robot.egg-info to /home/fida/marstask_ros2_ws/install/four_wheel_robot/lib/python3.10/site-packages/four_wheel_robot-0.0.0-py3.10.egg-info
running install_scripts
writing list of installed files to '/home/fida/marstask_ros2_ws/build/four_wheel_robot/install.log'
