[0.413s] Invoking command in '/home/fida/marstask_ros2_ws/build/week1': PYTHONPATH=/home/fida/marstask_ros2_ws/build/week1/prefix_override:/usr/lib/python3/dist-packages/colcon_core/task/python/colcon_distutils_commands:/home/fida/marstask_ros2_ws/install/week1/lib/python3.10/site-packages:${PYTHONPATH} /usr/bin/python3 -W ignore:setup.py install is deprecated -W ignore:easy_install command is deprecated setup.py develop --uninstall --editable --build-directory /home/fida/marstask_ros2_ws/build/week1/build
[0.560s] running develop
[0.643s] Removing /home/fida/marstask_ros2_ws/install/week1/lib/python3.10/site-packages/week1.egg-link (link to .)
[0.660s] Invoked command in '/home/fida/marstask_ros2_ws/build/week1' returned '0': PYTHONPATH=/home/fida/marstask_ros2_ws/build/week1/prefix_override:/usr/lib/python3/dist-packages/colcon_core/task/python/colcon_distutils_commands:/home/fida/marstask_ros2_ws/install/week1/lib/python3.10/site-packages:${PYTHONPATH} /usr/bin/python3 -W ignore:setup.py install is deprecated -W ignore:easy_install command is deprecated setup.py develop --uninstall --editable --build-directory /home/fida/marstask_ros2_ws/build/week1/build
[0.662s] Invoking command in '/home/fida/marstask_ros2_ws/src/week1': PYTHONPATH=/home/fida/marstask_ros2_ws/build/week1/prefix_override:/usr/lib/python3/dist-packages/colcon_core/task/python/colcon_distutils_commands:/home/fida/marstask_ros2_ws/install/week1/lib/python3.10/site-packages:${PYTHONPATH} /usr/bin/python3 -W ignore:setup.py install is deprecated -W ignore:easy_install command is deprecated setup.py egg_info --egg-base ../../build/week1 build --build-base /home/fida/marstask_ros2_ws/build/week1/build install --record /home/fida/marstask_ros2_ws/build/week1/install.log --single-version-externally-managed install_data --force
[0.802s] running egg_info
[0.803s] writing ../../build/week1/week1.egg-info/PKG-INFO
[0.803s] writing dependency_links to ../../build/week1/week1.egg-info/dependency_links.txt
[0.803s] writing entry points to ../../build/week1/week1.egg-info/entry_points.txt
[0.803s] writing requirements to ../../build/week1/week1.egg-info/requires.txt
[0.803s] writing top-level names to ../../build/week1/week1.egg-info/top_level.txt
[0.804s] reading manifest file '../../build/week1/week1.egg-info/SOURCES.txt'
[0.807s] adding license file 'LICENSE'
[0.807s] writing manifest file '../../build/week1/week1.egg-info/SOURCES.txt'
[0.807s] running build
[0.807s] running build_py
[0.807s] creating /home/fida/marstask_ros2_ws/build/week1/build
[0.807s] creating /home/fida/marstask_ros2_ws/build/week1/build/lib
[0.808s] creating /home/fida/marstask_ros2_ws/build/week1/build/lib/week1
[0.808s] copying week1/publisher_node.py -> /home/fida/marstask_ros2_ws/build/week1/build/lib/week1
[0.808s] copying week1/subscriber_node.py -> /home/fida/marstask_ros2_ws/build/week1/build/lib/week1
[0.808s] copying week1/__init__.py -> /home/fida/marstask_ros2_ws/build/week1/build/lib/week1
[0.808s] running install
[0.808s] running install_lib
[0.808s] creating /home/fida/marstask_ros2_ws/install/week1/lib/python3.10/site-packages/week1
[0.808s] copying /home/fida/marstask_ros2_ws/build/week1/build/lib/week1/publisher_node.py -> /home/fida/marstask_ros2_ws/install/week1/lib/python3.10/site-packages/week1
[0.808s] copying /home/fida/marstask_ros2_ws/build/week1/build/lib/week1/subscriber_node.py -> /home/fida/marstask_ros2_ws/install/week1/lib/python3.10/site-packages/week1
[0.808s] copying /home/fida/marstask_ros2_ws/build/week1/build/lib/week1/__init__.py -> /home/fida/marstask_ros2_ws/install/week1/lib/python3.10/site-packages/week1
[0.809s] byte-compiling /home/fida/marstask_ros2_ws/install/week1/lib/python3.10/site-packages/week1/publisher_node.py to publisher_node.cpython-310.pyc
[0.809s] byte-compiling /home/fida/marstask_ros2_ws/install/week1/lib/python3.10/site-packages/week1/subscriber_node.py to subscriber_node.cpython-310.pyc
[0.809s] byte-compiling /home/fida/marstask_ros2_ws/install/week1/lib/python3.10/site-packages/week1/__init__.py to __init__.cpython-310.pyc
[0.809s] running install_data
[0.809s] copying resource/week1 -> /home/fida/marstask_ros2_ws/install/week1/share/ament_index/resource_index/packages
[0.809s] copying package.xml -> /home/fida/marstask_ros2_ws/install/week1/share/week1
[0.809s] running install_egg_info
[0.810s] Copying ../../build/week1/week1.egg-info to /home/fida/marstask_ros2_ws/install/week1/lib/python3.10/site-packages/week1-0.0.0-py3.10.egg-info
[0.811s] running install_scripts
[0.824s] Installing publisher_node script to /home/fida/marstask_ros2_ws/install/week1/lib/week1
[0.825s] Installing subscriber_node script to /home/fida/marstask_ros2_ws/install/week1/lib/week1
[0.825s] writing list of installed files to '/home/fida/marstask_ros2_ws/build/week1/install.log'
[0.841s] Invoked command in '/home/fida/marstask_ros2_ws/src/week1' returned '0': PYTHONPATH=/home/fida/marstask_ros2_ws/build/week1/prefix_override:/usr/lib/python3/dist-packages/colcon_core/task/python/colcon_distutils_commands:/home/fida/marstask_ros2_ws/install/week1/lib/python3.10/site-packages:${PYTHONPATH} /usr/bin/python3 -W ignore:setup.py install is deprecated -W ignore:easy_install command is deprecated setup.py egg_info --egg-base ../../build/week1 build --build-base /home/fida/marstask_ros2_ws/build/week1/build install --record /home/fida/marstask_ros2_ws/build/week1/install.log --single-version-externally-managed install_data --force
