[0.555s] Invoking command in '/home/fida/marstask_ros2_ws/src/week1': PYTHONPATH=/home/fida/marstask_ros2_ws/build/week1/prefix_override:/usr/lib/python3/dist-packages/colcon_core/task/python/colcon_distutils_commands:/home/fida/marstask_ros2_ws/install/week1/lib/python3.10/site-packages:${PYTHONPATH} /usr/bin/python3 -W ignore:setup.py install is deprecated -W ignore:easy_install command is deprecated setup.py egg_info --egg-base ../../build/week1 build --build-base /home/fida/marstask_ros2_ws/build/week1/build install --record /home/fida/marstask_ros2_ws/build/week1/install.log --single-version-externally-managed install_data
[0.702s] running egg_info
[0.702s] writing ../../build/week1/week1.egg-info/PKG-INFO
[0.702s] writing dependency_links to ../../build/week1/week1.egg-info/dependency_links.txt
[0.702s] writing entry points to ../../build/week1/week1.egg-info/entry_points.txt
[0.702s] writing requirements to ../../build/week1/week1.egg-info/requires.txt
[0.703s] writing top-level names to ../../build/week1/week1.egg-info/top_level.txt
[0.704s] reading manifest file '../../build/week1/week1.egg-info/SOURCES.txt'
[0.704s] adding license file 'LICENSE'
[0.704s] writing manifest file '../../build/week1/week1.egg-info/SOURCES.txt'
[0.704s] running build
[0.704s] running build_py
[0.705s] running install
[0.705s] running install_lib
[0.706s] running install_data
[0.706s] running install_egg_info
[0.707s] removing '/home/fida/marstask_ros2_ws/install/week1/lib/python3.10/site-packages/week1-0.0.0-py3.10.egg-info' (and everything under it)
[0.707s] Copying ../../build/week1/week1.egg-info to /home/fida/marstask_ros2_ws/install/week1/lib/python3.10/site-packages/week1-0.0.0-py3.10.egg-info
[0.707s] running install_scripts
[0.721s] Installing publisher_node script to /home/fida/marstask_ros2_ws/install/week1/lib/week1
[0.721s] Installing subscriber_node script to /home/fida/marstask_ros2_ws/install/week1/lib/week1
[0.721s] writing list of installed files to '/home/fida/marstask_ros2_ws/build/week1/install.log'
[0.753s] Invoked command in '/home/fida/marstask_ros2_ws/src/week1' returned '0': PYTHONPATH=/home/fida/marstask_ros2_ws/build/week1/prefix_override:/usr/lib/python3/dist-packages/colcon_core/task/python/colcon_distutils_commands:/home/fida/marstask_ros2_ws/install/week1/lib/python3.10/site-packages:${PYTHONPATH} /usr/bin/python3 -W ignore:setup.py install is deprecated -W ignore:easy_install command is deprecated setup.py egg_info --egg-base ../../build/week1 build --build-base /home/fida/marstask_ros2_ws/build/week1/build install --record /home/fida/marstask_ros2_ws/build/week1/install.log --single-version-externally-managed install_data
