running develop
running egg_info
creating week1.egg-info
writing week1.egg-info/PKG-INFO
writing dependency_links to week1.egg-info/dependency_links.txt
writing entry points to week1.egg-info/entry_points.txt
writing requirements to week1.egg-info/requires.txt
writing top-level names to week1.egg-info/top_level.txt
writing manifest file 'week1.egg-info/SOURCES.txt'
reading manifest file 'week1.egg-info/SOURCES.txt'
writing manifest file 'week1.egg-info/SOURCES.txt'
running build_ext
Creating /home/fida/marstask_ros2_ws/install/week1/lib/python3.10/site-packages/week1.egg-link (link to .)
Installing publisher_node script to /home/fida/marstask_ros2_ws/install/week1/lib/week1
Installing subscriber_node script to /home/fida/marstask_ros2_ws/install/week1/lib/week1

Installed /home/fida/marstask_ros2_ws/build/week1
running symlink_data
creating /home/fida/marstask_ros2_ws/install/week1/share/ament_index
creating /home/fida/marstask_ros2_ws/install/week1/share/ament_index/resource_index
creating /home/fida/marstask_ros2_ws/install/week1/share/ament_index/resource_index/packages
symbolically linking /home/fida/marstask_ros2_ws/build/week1/resource/week1 -> /home/fida/marstask_ros2_ws/install/week1/share/ament_index/resource_index/packages
symbolically linking /home/fida/marstask_ros2_ws/build/week1/package.xml -> /home/fida/marstask_ros2_ws/install/week1/share/week1
